In file included from /home/steven/rover_workspace/src/mobility/src/PickUpController.cpp:1:0:
/home/steven/rover_workspace/src/mobility/src/PickUpController.h:33:19: warning: non-static data member initializers only available with -std=c++11 or -std=gnu++11 [enabled by default]
 int FIXING_CAMERA=0, APPROACHING_CUBE=1, PICKING_UP_CUBE=2,VERIFYING_PICKUP=3,PICKUP_FAILED_BACK_UP=4,DONE_FAILING=5,DONE_SUCCESS=6;
                   ^
/home/steven/rover_workspace/src/mobility/src/PickUpController.h:33:39: warning: non-static data member initializers only available with -std=c++11 or -std=gnu++11 [enabled by default]
 int FIXING_CAMERA=0, APPROACHING_CUBE=1, PICKING_UP_CUBE=2,VERIFYING_PICKUP=3,PICKUP_FAILED_BACK_UP=4,DONE_FAILING=5,DONE_SUCCESS=6;
                                       ^
/home/steven/rover_workspace/src/mobility/src/PickUpController.h:33:58: warning: non-static data member initializers only available with -std=c++11 or -std=gnu++11 [enabled by default]
 int FIXING_CAMERA=0, APPROACHING_CUBE=1, PICKING_UP_CUBE=2,VERIFYING_PICKUP=3,PICKUP_FAILED_BACK_UP=4,DONE_FAILING=5,DONE_SUCCESS=6;
                                                          ^
/home/steven/rover_workspace/src/mobility/src/PickUpController.h:33:77: warning: non-static data member initializers only available with -std=c++11 or -std=gnu++11 [enabled by default]
 int FIXING_CAMERA=0, APPROACHING_CUBE=1, PICKING_UP_CUBE=2,VERIFYING_PICKUP=3,PICKUP_FAILED_BACK_UP=4,DONE_FAILING=5,DONE_SUCCESS=6;
                                                                             ^
/home/steven/rover_workspace/src/mobility/src/PickUpController.h:33:101: warning: non-static data member initializers only available with -std=c++11 or -std=gnu++11 [enabled by default]
 int FIXING_CAMERA=0, APPROACHING_CUBE=1, PICKING_UP_CUBE=2,VERIFYING_PICKUP=3,PICKUP_FAILED_BACK_UP=4,DONE_FAILING=5,DONE_SUCCESS=6;
                                                                                                     ^
/home/steven/rover_workspace/src/mobility/src/PickUpController.h:33:116: warning: non-static data member initializers only available with -std=c++11 or -std=gnu++11 [enabled by default]
 int FIXING_CAMERA=0, APPROACHING_CUBE=1, PICKING_UP_CUBE=2,VERIFYING_PICKUP=3,PICKUP_FAILED_BACK_UP=4,DONE_FAILING=5,DONE_SUCCESS=6;
                                                                                                                    ^
In file included from /home/steven/rover_workspace/src/mobility/src/PickUpController.cpp:1:0:
/home/steven/rover_workspace/src/mobility/src/PickUpController.h:33:131: warning: non-static data member initializers only available with -std=c++11 or -std=gnu++11 [enabled by default]
 int FIXING_CAMERA=0, APPROACHING_CUBE=1, PICKING_UP_CUBE=2,VERIFYING_PICKUP=3,PICKUP_FAILED_BACK_UP=4,DONE_FAILING=5,DONE_SUCCESS=6;
                                                                                                                                   ^
/home/steven/rover_workspace/src/mobility/src/PickUpController.h:34:13: warning: non-static data member initializers only available with -std=c++11 or -std=gnu++11 [enabled by default]
 int state = FIXING_CAMERA;
             ^
/home/steven/rover_workspace/src/mobility/src/PickUpController.cpp: In member function ‘PickUpResult PickUpController::pickUpSelectedTarget(bool)’:
/home/steven/rover_workspace/src/mobility/src/PickUpController.cpp:83:7: error: ‘PickUpController::FIXING_CAMERA’ cannot appear in a constant-expression
 case (FIXING_CAMERA):
       ^
/home/steven/rover_workspace/src/mobility/src/PickUpController.cpp:90:24: error: cannot convert ‘ros::Time’ to ‘float’ in assignment
  omniTimerStartingTime = ros::Time::now();
                        ^
/home/steven/rover_workspace/src/mobility/src/PickUpController.cpp:95:7: error: ‘PickUpController::APPROACHING_CUBE’ cannot appear in a constant-expression
 case (APPROACHING_CUBE):
       ^
/home/steven/rover_workspace/src/mobility/src/PickUpController.cpp:96:1: error: ‘final’ was not declared in this scope
 final float duration = 3.0;
 ^
/home/steven/rover_workspace/src/mobility/src/PickUpController.cpp:96:7: error: expected ‘;’ before ‘float’
 final float duration = 3.0;
       ^
/home/steven/rover_workspace/src/mobility/src/PickUpController.cpp:97:55: error: no match for ‘operator-’ (operand types are ‘ros::Time’ and ‘float’)
 ros::Duration timeDifferenceObject = ros::Time::now() - omniTimerStartingTime;
                                                       ^
/home/steven/rover_workspace/src/mobility/src/PickUpController.cpp:97:55: note: candidates are:
In file included from /opt/ros/indigo/include/ros/serialization.h:34:0,
                 from /opt/ros/indigo/include/apriltags_ros/AprilTagDetectionArray.h:14,
                 from /home/steven/rover_workspace/src/mobility/src/PickUpController.h:4,
                 from /home/steven/rover_workspace/src/mobility/src/PickUpController.cpp:1:
/opt/ros/indigo/include/ros/time.h:140:7: note: D ros::TimeBase<T, D>::operator-(const T&) const [with T = ros::Time; D = ros::Duration]
     D operator-(const T &rhs) const;
       ^
/opt/ros/indigo/include/ros/time.h:140:7: note:   no known conversion for argument 1 from ‘float’ to ‘const ros::Time&’
/opt/ros/indigo/include/ros/time.h:142:7: note: T ros::TimeBase<T, D>::operator-(const D&) const [with T = ros::Time; D = ros::Duration]
     T operator-(const D &rhs) const;
       ^
/opt/ros/indigo/include/ros/time.h:142:7: note:   no known conversion for argument 1 from ‘float’ to ‘const ros::Duration&’
/home/steven/rover_workspace/src/mobility/src/PickUpController.cpp:98:75: error: ‘duration’ was not declared in this scope
 if ((timeDifferenceObject.sec + timeDifferenceObject.nsec/1000000000.0) < duration)
                                                                           ^
/home/steven/rover_workspace/src/mobility/src/PickUpController.cpp:112:7: error: ‘PickUpController::PICKING_UP_CUBE’ cannot appear in a constant-expression
 case (PICKING_UP_CUBE):
       ^
/home/steven/rover_workspace/src/mobility/src/PickUpController.cpp:112:22: error: jump to case label [-fpermissive]
 case (PICKING_UP_CUBE):
                      ^
/home/steven/rover_workspace/src/mobility/src/PickUpController.cpp:97:15: error:   crosses initialization of ‘ros::Duration timeDifferenceObject’
 ros::Duration timeDifferenceObject = ros::Time::now() - omniTimerStartingTime;
               ^
/home/steven/rover_workspace/src/mobility/src/PickUpController.cpp:122:23: error: cannot convert ‘ros::Time’ to ‘float’ in assignment
 omniTimerStartingTime = ros::Time()::now();//reset the timer again
                       ^
/home/steven/rover_workspace/src/mobility/src/PickUpController.cpp:122:36: error: expected ‘;’ before ‘::’ token
 omniTimerStartingTime = ros::Time()::now();//reset the timer again
                                    ^
/home/steven/rover_workspace/src/mobility/src/PickUpController.cpp:127:7: error: ‘PickUpController::VERIFYING_PICKUP’ cannot appear in a constant-expression
 case (VERIFYING_PICKUP):
       ^
/home/steven/rover_workspace/src/mobility/src/PickUpController.cpp:127:23: error: jump to case label [-fpermissive]
 case (VERIFYING_PICKUP):
                       ^
/home/steven/rover_workspace/src/mobility/src/PickUpController.cpp:97:15: error:   crosses initialization of ‘ros::Duration timeDifferenceObject’
 ros::Duration timeDifferenceObject = ros::Time::now() - omniTimerStartingTime;
               ^
/home/steven/rover_workspace/src/mobility/src/PickUpController.cpp:128:7: error: expected ‘;’ before ‘float’
 final float duration = 2.0;
       ^
/home/steven/rover_workspace/src/mobility/src/PickUpController.cpp:129:15: error: redeclaration of ‘ros::Duration timeDifferenceObject’
 ros::Duration timeDifferenceObject = ros::Time::now() - omniTimerStartingTime;
               ^
/home/steven/rover_workspace/src/mobility/src/PickUpController.cpp:97:15: error: ‘ros::Duration timeDifferenceObject’ previously declared here
 ros::Duration timeDifferenceObject = ros::Time::now() - omniTimerStartingTime;
               ^
/home/steven/rover_workspace/src/mobility/src/PickUpController.cpp:129:55: error: no match for ‘operator-’ (operand types are ‘ros::Time’ and ‘float’)
 ros::Duration timeDifferenceObject = ros::Time::now() - omniTimerStartingTime;
                                                       ^
/home/steven/rover_workspace/src/mobility/src/PickUpController.cpp:129:55: note: candidates are:
In file included from /opt/ros/indigo/include/ros/serialization.h:34:0,
                 from /opt/ros/indigo/include/apriltags_ros/AprilTagDetectionArray.h:14,
                 from /home/steven/rover_workspace/src/mobility/src/PickUpController.h:4,
                 from /home/steven/rover_workspace/src/mobility/src/PickUpController.cpp:1:
/opt/ros/indigo/include/ros/time.h:140:7: note: D ros::TimeBase<T, D>::operator-(const T&) const [with T = ros::Time; D = ros::Duration]
     D operator-(const T &rhs) const;
       ^
/opt/ros/indigo/include/ros/time.h:140:7: note:   no known conversion for argument 1 from ‘float’ to ‘const ros::Time&’
/opt/ros/indigo/include/ros/time.h:142:7: note: T ros::TimeBase<T, D>::operator-(const D&) const [with T = ros::Time; D = ros::Duration]
     T operator-(const D &rhs) const;
       ^
/opt/ros/indigo/include/ros/time.h:142:7: note:   no known conversion for argument 1 from ‘float’ to ‘const ros::Duration&’
/home/steven/rover_workspace/src/mobility/src/PickUpController.cpp:130:75: error: ‘duration’ was not declared in this scope
 if ((timeDifferenceObject.sec + timeDifferenceObject.nsec/1000000000.0) < duration)
                                                                           ^
/home/steven/rover_workspace/src/mobility/src/PickUpController.cpp:133:19: error: ‘openCVThinksCubeIsHeld’ was not declared in this scope
 if (blockBlock || openCVThinksCubeIsHeld)
                   ^
/home/steven/rover_workspace/src/mobility/src/PickUpController.cpp:139:23: error: cannot convert ‘ros::Time’ to ‘float’ in assignment
 omniTimerStartingTime = ros::Time()::now();//reset the timer again
                       ^
/home/steven/rover_workspace/src/mobility/src/PickUpController.cpp:139:36: error: expected ‘;’ before ‘::’ token
 omniTimerStartingTime = ros::Time()::now();//reset the timer again
                                    ^
/home/steven/rover_workspace/src/mobility/src/PickUpController.cpp:145:6: error: ‘PickUpController::PICKUP_FAILED_BACK_UP’ cannot appear in a constant-expression
 case(PICKUP_FAILED_BACK_UP):
      ^
/home/steven/rover_workspace/src/mobility/src/PickUpController.cpp:145:27: error: jump to case label [-fpermissive]
 case(PICKUP_FAILED_BACK_UP):
                           ^
/home/steven/rover_workspace/src/mobility/src/PickUpController.cpp:97:15: error:   crosses initialization of ‘ros::Duration timeDifferenceObject’
 ros::Duration timeDifferenceObject = ros::Time::now() - omniTimerStartingTime;
               ^
/home/steven/rover_workspace/src/mobility/src/PickUpController.cpp:146:7: error: expected ‘;’ before ‘float’
 final float duration = 0.75;
       ^
/home/steven/rover_workspace/src/mobility/src/PickUpController.cpp:148:15: error: redeclaration of ‘ros::Duration timeDifferenceObject’
 ros::Duration timeDifferenceObject = ros::Time::now() - omniTimerStartingTime;
               ^
/home/steven/rover_workspace/src/mobility/src/PickUpController.cpp:97:15: error: ‘ros::Duration timeDifferenceObject’ previously declared here
 ros::Duration timeDifferenceObject = ros::Time::now() - omniTimerStartingTime;
               ^
/home/steven/rover_workspace/src/mobility/src/PickUpController.cpp:148:55: error: no match for ‘operator-’ (operand types are ‘ros::Time’ and ‘float’)
 ros::Duration timeDifferenceObject = ros::Time::now() - omniTimerStartingTime;
                                                       ^
/home/steven/rover_workspace/src/mobility/src/PickUpController.cpp:148:55: note: candidates are:
In file included from /opt/ros/indigo/include/ros/serialization.h:34:0,
                 from /opt/ros/indigo/include/apriltags_ros/AprilTagDetectionArray.h:14,
                 from /home/steven/rover_workspace/src/mobility/src/PickUpController.h:4,
                 from /home/steven/rover_workspace/src/mobility/src/PickUpController.cpp:1:
/opt/ros/indigo/include/ros/time.h:140:7: note: D ros::TimeBase<T, D>::operator-(const T&) const [with T = ros::Time; D = ros::Duration]
     D operator-(const T &rhs) const;
       ^
/opt/ros/indigo/include/ros/time.h:140:7: note:   no known conversion for argument 1 from ‘float’ to ‘const ros::Time&’
/opt/ros/indigo/include/ros/time.h:142:7: note: T ros::TimeBase<T, D>::operator-(const D&) const [with T = ros::Time; D = ros::Duration]
     T operator-(const D &rhs) const;
       ^
/opt/ros/indigo/include/ros/time.h:142:7: note:   no known conversion for argument 1 from ‘float’ to ‘const ros::Duration&’
/home/steven/rover_workspace/src/mobility/src/PickUpController.cpp:150:75: error: ‘duration’ was not declared in this scope
 if ((timeDifferenceObject.sec + timeDifferenceObject.nsec/1000000000.0) < duration)
                                                                           ^
/home/steven/rover_workspace/src/mobility/src/PickUpController.cpp:164:7: error: ‘PickUpController::DONE_FAILING’ cannot appear in a constant-expression
 case (DONE_FAILING):
       ^
/home/steven/rover_workspace/src/mobility/src/PickUpController.cpp:164:19: error: jump to case label [-fpermissive]
 case (DONE_FAILING):
                   ^
/home/steven/rover_workspace/src/mobility/src/PickUpController.cpp:97:15: error:   crosses initialization of ‘ros::Duration timeDifferenceObject’
 ros::Duration timeDifferenceObject = ros::Time::now() - omniTimerStartingTime;
               ^
/home/steven/rover_workspace/src/mobility/src/PickUpController.cpp:169:7: error: ‘PickUpController::DONE_SUCCESS’ cannot appear in a constant-expression
 case (DONE_SUCCESS):
       ^
/home/steven/rover_workspace/src/mobility/src/PickUpController.cpp:169:19: error: jump to case label [-fpermissive]
 case (DONE_SUCCESS):
                   ^
/home/steven/rover_workspace/src/mobility/src/PickUpController.cpp:97:15: error:   crosses initialization of ‘ros::Duration timeDifferenceObject’
 ros::Duration timeDifferenceObject = ros::Time::now() - omniTimerStartingTime;
               ^
/home/steven/rover_workspace/src/mobility/src/PickUpController.cpp:176:1: error: jump to case label [-fpermissive]
 default:
 ^
/home/steven/rover_workspace/src/mobility/src/PickUpController.cpp:97:15: error:   crosses initialization of ‘ros::Duration timeDifferenceObject’
 ros::Duration timeDifferenceObject = ros::Time::now() - omniTimerStartingTime;
               ^
make[2]: *** [CMakeFiles/mobility.dir/src/PickUpController.cpp.o] Error 1
make[2]: *** Waiting for unfinished jobs....
In file included from /home/steven/rover_workspace/src/mobility/src/mobility.cpp:22:0:
/home/steven/rover_workspace/src/mobility/src/PickUpController.h:33:19: warning: non-static data member initializers only available with -std=c++11 or -std=gnu++11 [enabled by default]
 int FIXING_CAMERA=0, APPROACHING_CUBE=1, PICKING_UP_CUBE=2,VERIFYING_PICKUP=3,PICKUP_FAILED_BACK_UP=4,DONE_FAILING=5,DONE_SUCCESS=6;
                   ^
/home/steven/rover_workspace/src/mobility/src/PickUpController.h:33:39: warning: non-static data member initializers only available with -std=c++11 or -std=gnu++11 [enabled by default]
 int FIXING_CAMERA=0, APPROACHING_CUBE=1, PICKING_UP_CUBE=2,VERIFYING_PICKUP=3,PICKUP_FAILED_BACK_UP=4,DONE_FAILING=5,DONE_SUCCESS=6;
                                       ^
/home/steven/rover_workspace/src/mobility/src/PickUpController.h:33:58: warning: non-static data member initializers only available with -std=c++11 or -std=gnu++11 [enabled by default]
 int FIXING_CAMERA=0, APPROACHING_CUBE=1, PICKING_UP_CUBE=2,VERIFYING_PICKUP=3,PICKUP_FAILED_BACK_UP=4,DONE_FAILING=5,DONE_SUCCESS=6;
                                                          ^
/home/steven/rover_workspace/src/mobility/src/PickUpController.h:33:77: warning: non-static data member initializers only available with -std=c++11 or -std=gnu++11 [enabled by default]
 int FIXING_CAMERA=0, APPROACHING_CUBE=1, PICKING_UP_CUBE=2,VERIFYING_PICKUP=3,PICKUP_FAILED_BACK_UP=4,DONE_FAILING=5,DONE_SUCCESS=6;
                                                                             ^
/home/steven/rover_workspace/src/mobility/src/PickUpController.h:33:101: warning: non-static data member initializers only available with -std=c++11 or -std=gnu++11 [enabled by default]
 int FIXING_CAMERA=0, APPROACHING_CUBE=1, PICKING_UP_CUBE=2,VERIFYING_PICKUP=3,PICKUP_FAILED_BACK_UP=4,DONE_FAILING=5,DONE_SUCCESS=6;
                                                                                                     ^
/home/steven/rover_workspace/src/mobility/src/PickUpController.h:33:116: warning: non-static data member initializers only available with -std=c++11 or -std=gnu++11 [enabled by default]
 int FIXING_CAMERA=0, APPROACHING_CUBE=1, PICKING_UP_CUBE=2,VERIFYING_PICKUP=3,PICKUP_FAILED_BACK_UP=4,DONE_FAILING=5,DONE_SUCCESS=6;
                                                                                                                    ^
In file included from /home/steven/rover_workspace/src/mobility/src/mobility.cpp:22:0:
/home/steven/rover_workspace/src/mobility/src/PickUpController.h:33:131: warning: non-static data member initializers only available with -std=c++11 or -std=gnu++11 [enabled by default]
 int FIXING_CAMERA=0, APPROACHING_CUBE=1, PICKING_UP_CUBE=2,VERIFYING_PICKUP=3,PICKUP_FAILED_BACK_UP=4,DONE_FAILING=5,DONE_SUCCESS=6;
                                                                                                                                   ^
/home/steven/rover_workspace/src/mobility/src/PickUpController.h:34:13: warning: non-static data member initializers only available with -std=c++11 or -std=gnu++11 [enabled by default]
 int state = FIXING_CAMERA;
             ^
make[1]: *** [CMakeFiles/mobility.dir/all] Error 2
make: *** [all] Error 2
