In file included from /home/steven/rover_workspace/src/mobility/src/PickUpController.cpp:1:0:
/home/steven/rover_workspace/src/mobility/src/PickUpController.h:33:25: warning: non-static data member initializers only available with -std=c++11 or -std=gnu++11 [enabled by default]
 const int FIXING_CAMERA=0, APPROACHING_CUBE=1, PICKING_UP_CUBE=2,VERIFYING_PICKUP=3,PICKUP_FAILED_BACK_UP=4,DONE_FAILING=5,DONE_SUCCESS=6;
                         ^
/home/steven/rover_workspace/src/mobility/src/PickUpController.h:33:45: warning: non-static data member initializers only available with -std=c++11 or -std=gnu++11 [enabled by default]
 const int FIXING_CAMERA=0, APPROACHING_CUBE=1, PICKING_UP_CUBE=2,VERIFYING_PICKUP=3,PICKUP_FAILED_BACK_UP=4,DONE_FAILING=5,DONE_SUCCESS=6;
                                             ^
/home/steven/rover_workspace/src/mobility/src/PickUpController.h:33:64: warning: non-static data member initializers only available with -std=c++11 or -std=gnu++11 [enabled by default]
 const int FIXING_CAMERA=0, APPROACHING_CUBE=1, PICKING_UP_CUBE=2,VERIFYING_PICKUP=3,PICKUP_FAILED_BACK_UP=4,DONE_FAILING=5,DONE_SUCCESS=6;
                                                                ^
/home/steven/rover_workspace/src/mobility/src/PickUpController.h:33:83: warning: non-static data member initializers only available with -std=c++11 or -std=gnu++11 [enabled by default]
 const int FIXING_CAMERA=0, APPROACHING_CUBE=1, PICKING_UP_CUBE=2,VERIFYING_PICKUP=3,PICKUP_FAILED_BACK_UP=4,DONE_FAILING=5,DONE_SUCCESS=6;
                                                                                   ^
/home/steven/rover_workspace/src/mobility/src/PickUpController.h:33:107: warning: non-static data member initializers only available with -std=c++11 or -std=gnu++11 [enabled by default]
 const int FIXING_CAMERA=0, APPROACHING_CUBE=1, PICKING_UP_CUBE=2,VERIFYING_PICKUP=3,PICKUP_FAILED_BACK_UP=4,DONE_FAILING=5,DONE_SUCCESS=6;
                                                                                                           ^
/home/steven/rover_workspace/src/mobility/src/PickUpController.h:33:122: warning: non-static data member initializers only available with -std=c++11 or -std=gnu++11 [enabled by default]
 const int FIXING_CAMERA=0, APPROACHING_CUBE=1, PICKING_UP_CUBE=2,VERIFYING_PICKUP=3,PICKUP_FAILED_BACK_UP=4,DONE_FAILING=5,DONE_SUCCESS=6;
                                                                                                                          ^
In file included from /home/steven/rover_workspace/src/mobility/src/PickUpController.cpp:1:0:
/home/steven/rover_workspace/src/mobility/src/PickUpController.h:33:137: warning: non-static data member initializers only available with -std=c++11 or -std=gnu++11 [enabled by default]
 const int FIXING_CAMERA=0, APPROACHING_CUBE=1, PICKING_UP_CUBE=2,VERIFYING_PICKUP=3,PICKUP_FAILED_BACK_UP=4,DONE_FAILING=5,DONE_SUCCESS=6;
                                                                                                                                         ^
/home/steven/rover_workspace/src/mobility/src/PickUpController.h:34:13: warning: non-static data member initializers only available with -std=c++11 or -std=gnu++11 [enabled by default]
 int state = FIXING_CAMERA;
             ^
/home/steven/rover_workspace/src/mobility/src/PickUpController.cpp: In member function ‘PickUpResult PickUpController::pickUpSelectedTarget(bool)’:
/home/steven/rover_workspace/src/mobility/src/PickUpController.cpp:84:7: error: ‘PickUpController::FIXING_CAMERA’ cannot appear in a constant-expression
 case (FIXING_CAMERA):
       ^
/home/steven/rover_workspace/src/mobility/src/PickUpController.cpp:91:24: error: cannot convert ‘ros::Time’ to ‘float’ in assignment
  omniTimerStartingTime = ros::Time::now();
                        ^
/home/steven/rover_workspace/src/mobility/src/PickUpController.cpp:96:7: error: ‘PickUpController::APPROACHING_CUBE’ cannot appear in a constant-expression
 case (APPROACHING_CUBE):
       ^
/home/steven/rover_workspace/src/mobility/src/PickUpController.cpp:98:55: error: no match for ‘operator-’ (operand types are ‘ros::Time’ and ‘float’)
 ros::Duration timeDifferenceObject = ros::Time::now() - omniTimerStartingTime;
                                                       ^
/home/steven/rover_workspace/src/mobility/src/PickUpController.cpp:98:55: note: candidates are:
In file included from /opt/ros/indigo/include/ros/serialization.h:34:0,
                 from /opt/ros/indigo/include/apriltags_ros/AprilTagDetectionArray.h:14,
                 from /home/steven/rover_workspace/src/mobility/src/PickUpController.h:4,
                 from /home/steven/rover_workspace/src/mobility/src/PickUpController.cpp:1:
/opt/ros/indigo/include/ros/time.h:140:7: note: D ros::TimeBase<T, D>::operator-(const T&) const [with T = ros::Time; D = ros::Duration]
     D operator-(const T &rhs) const;
       ^
/opt/ros/indigo/include/ros/time.h:140:7: note:   no known conversion for argument 1 from ‘float’ to ‘const ros::Time&’
/opt/ros/indigo/include/ros/time.h:142:7: note: T ros::TimeBase<T, D>::operator-(const D&) const [with T = ros::Time; D = ros::Duration]
     T operator-(const D &rhs) const;
       ^
/opt/ros/indigo/include/ros/time.h:142:7: note:   no known conversion for argument 1 from ‘float’ to ‘const ros::Duration&’
/home/steven/rover_workspace/src/mobility/src/PickUpController.cpp:113:7: error: ‘PickUpController::PICKING_UP_CUBE’ cannot appear in a constant-expression
 case (PICKING_UP_CUBE):
       ^
/home/steven/rover_workspace/src/mobility/src/PickUpController.cpp:113:22: error: jump to case label [-fpermissive]
 case (PICKING_UP_CUBE):
                      ^
/home/steven/rover_workspace/src/mobility/src/PickUpController.cpp:98:15: error:   crosses initialization of ‘ros::Duration timeDifferenceObject’
 ros::Duration timeDifferenceObject = ros::Time::now() - omniTimerStartingTime;
               ^
/home/steven/rover_workspace/src/mobility/src/PickUpController.cpp:97:13: error:   crosses initialization of ‘const float duration’
 const float duration = 3.0;
             ^
/home/steven/rover_workspace/src/mobility/src/PickUpController.cpp:123:23: error: cannot convert ‘ros::Time’ to ‘float’ in assignment
 omniTimerStartingTime = ros::Time()::now();//reset the timer again
                       ^
/home/steven/rover_workspace/src/mobility/src/PickUpController.cpp:123:36: error: expected ‘;’ before ‘::’ token
 omniTimerStartingTime = ros::Time()::now();//reset the timer again
                                    ^
/home/steven/rover_workspace/src/mobility/src/PickUpController.cpp:128:7: error: ‘PickUpController::VERIFYING_PICKUP’ cannot appear in a constant-expression
 case (VERIFYING_PICKUP):
       ^
/home/steven/rover_workspace/src/mobility/src/PickUpController.cpp:128:23: error: jump to case label [-fpermissive]
 case (VERIFYING_PICKUP):
                       ^
/home/steven/rover_workspace/src/mobility/src/PickUpController.cpp:98:15: error:   crosses initialization of ‘ros::Duration timeDifferenceObject’
 ros::Duration timeDifferenceObject = ros::Time::now() - omniTimerStartingTime;
               ^
/home/steven/rover_workspace/src/mobility/src/PickUpController.cpp:97:13: error:   crosses initialization of ‘const float duration’
 const float duration = 3.0;
             ^
/home/steven/rover_workspace/src/mobility/src/PickUpController.cpp:131:55: error: no match for ‘operator-’ (operand types are ‘ros::Time’ and ‘float’)
 ros::Duration timeDifferenceObject = ros::Time::now() - omniTimerStartingTime;
                                                       ^
/home/steven/rover_workspace/src/mobility/src/PickUpController.cpp:131:55: note: candidates are:
In file included from /opt/ros/indigo/include/ros/serialization.h:34:0,
                 from /opt/ros/indigo/include/apriltags_ros/AprilTagDetectionArray.h:14,
                 from /home/steven/rover_workspace/src/mobility/src/PickUpController.h:4,
                 from /home/steven/rover_workspace/src/mobility/src/PickUpController.cpp:1:
/opt/ros/indigo/include/ros/time.h:140:7: note: D ros::TimeBase<T, D>::operator-(const T&) const [with T = ros::Time; D = ros::Duration]
     D operator-(const T &rhs) const;
       ^
/opt/ros/indigo/include/ros/time.h:140:7: note:   no known conversion for argument 1 from ‘float’ to ‘const ros::Time&’
/opt/ros/indigo/include/ros/time.h:142:7: note: T ros::TimeBase<T, D>::operator-(const D&) const [with T = ros::Time; D = ros::Duration]
     T operator-(const D &rhs) const;
       ^
/opt/ros/indigo/include/ros/time.h:142:7: note:   no known conversion for argument 1 from ‘float’ to ‘const ros::Duration&’
/home/steven/rover_workspace/src/mobility/src/PickUpController.cpp:141:23: error: cannot convert ‘ros::Time’ to ‘float’ in assignment
 omniTimerStartingTime = ros::Time()::now();//reset the timer again
                       ^
/home/steven/rover_workspace/src/mobility/src/PickUpController.cpp:141:36: error: expected ‘;’ before ‘::’ token
 omniTimerStartingTime = ros::Time()::now();//reset the timer again
                                    ^
/home/steven/rover_workspace/src/mobility/src/PickUpController.cpp:147:6: error: ‘PickUpController::PICKUP_FAILED_BACK_UP’ cannot appear in a constant-expression
 case(PICKUP_FAILED_BACK_UP):
      ^
/home/steven/rover_workspace/src/mobility/src/PickUpController.cpp:147:27: error: jump to case label [-fpermissive]
 case(PICKUP_FAILED_BACK_UP):
                           ^
/home/steven/rover_workspace/src/mobility/src/PickUpController.cpp:98:15: error:   crosses initialization of ‘ros::Duration timeDifferenceObject’
 ros::Duration timeDifferenceObject = ros::Time::now() - omniTimerStartingTime;
               ^
/home/steven/rover_workspace/src/mobility/src/PickUpController.cpp:97:13: error:   crosses initialization of ‘const float duration’
 const float duration = 3.0;
             ^
/home/steven/rover_workspace/src/mobility/src/PickUpController.cpp:151:55: error: no match for ‘operator-’ (operand types are ‘ros::Time’ and ‘float’)
 ros::Duration timeDifferenceObject = ros::Time::now() - omniTimerStartingTime;
                                                       ^
/home/steven/rover_workspace/src/mobility/src/PickUpController.cpp:151:55: note: candidates are:
In file included from /opt/ros/indigo/include/ros/serialization.h:34:0,
                 from /opt/ros/indigo/include/apriltags_ros/AprilTagDetectionArray.h:14,
                 from /home/steven/rover_workspace/src/mobility/src/PickUpController.h:4,
                 from /home/steven/rover_workspace/src/mobility/src/PickUpController.cpp:1:
/opt/ros/indigo/include/ros/time.h:140:7: note: D ros::TimeBase<T, D>::operator-(const T&) const [with T = ros::Time; D = ros::Duration]
     D operator-(const T &rhs) const;
       ^
/opt/ros/indigo/include/ros/time.h:140:7: note:   no known conversion for argument 1 from ‘float’ to ‘const ros::Time&’
/opt/ros/indigo/include/ros/time.h:142:7: note: T ros::TimeBase<T, D>::operator-(const D&) const [with T = ros::Time; D = ros::Duration]
     T operator-(const D &rhs) const;
       ^
/opt/ros/indigo/include/ros/time.h:142:7: note:   no known conversion for argument 1 from ‘float’ to ‘const ros::Duration&’
/home/steven/rover_workspace/src/mobility/src/PickUpController.cpp:168:7: error: ‘PickUpController::DONE_FAILING’ cannot appear in a constant-expression
 case (DONE_FAILING):
       ^
/home/steven/rover_workspace/src/mobility/src/PickUpController.cpp:168:19: error: jump to case label [-fpermissive]
 case (DONE_FAILING):
                   ^
/home/steven/rover_workspace/src/mobility/src/PickUpController.cpp:98:15: error:   crosses initialization of ‘ros::Duration timeDifferenceObject’
 ros::Duration timeDifferenceObject = ros::Time::now() - omniTimerStartingTime;
               ^
/home/steven/rover_workspace/src/mobility/src/PickUpController.cpp:97:13: error:   crosses initialization of ‘const float duration’
 const float duration = 3.0;
             ^
/home/steven/rover_workspace/src/mobility/src/PickUpController.cpp:174:7: error: ‘PickUpController::DONE_SUCCESS’ cannot appear in a constant-expression
 case (DONE_SUCCESS):
       ^
/home/steven/rover_workspace/src/mobility/src/PickUpController.cpp:174:19: error: jump to case label [-fpermissive]
 case (DONE_SUCCESS):
                   ^
/home/steven/rover_workspace/src/mobility/src/PickUpController.cpp:98:15: error:   crosses initialization of ‘ros::Duration timeDifferenceObject’
 ros::Duration timeDifferenceObject = ros::Time::now() - omniTimerStartingTime;
               ^
/home/steven/rover_workspace/src/mobility/src/PickUpController.cpp:97:13: error:   crosses initialization of ‘const float duration’
 const float duration = 3.0;
             ^
/home/steven/rover_workspace/src/mobility/src/PickUpController.cpp:182:1: error: jump to case label [-fpermissive]
 default:
 ^
/home/steven/rover_workspace/src/mobility/src/PickUpController.cpp:98:15: error:   crosses initialization of ‘ros::Duration timeDifferenceObject’
 ros::Duration timeDifferenceObject = ros::Time::now() - omniTimerStartingTime;
               ^
/home/steven/rover_workspace/src/mobility/src/PickUpController.cpp:97:13: error:   crosses initialization of ‘const float duration’
 const float duration = 3.0;
             ^
make[2]: *** [CMakeFiles/mobility.dir/src/PickUpController.cpp.o] Error 1
make[1]: *** [CMakeFiles/mobility.dir/all] Error 2
make: *** [all] Error 2
